[Tue Dec 17 17:42:58.534618 2024] [watchdog:debug] [pid 164072] mod_watchdog.c(445): AH010033: Watchdog: Running with WatchdogInterval 1000ms
[Tue Dec 17 17:42:58.534687 2024] [watchdog:debug] [pid 164072] mod_watchdog.c(454): AH02974: Watchdog: found parent providers.
[Tue Dec 17 17:42:58.534691 2024] [watchdog:debug] [pid 164072] mod_watchdog.c(500): AH02977: Watchdog: found child providers.
[Tue Dec 17 17:42:58.534694 2024] [watchdog:debug] [pid 164072] mod_watchdog.c(508): AH02978: Watchdog: Looking for child (_singleton_).
[Tue Dec 17 17:42:58.534696 2024] [watchdog:debug] [pid 164072] mod_watchdog.c(508): AH02978: Watchdog: Looking for child (_default_).
[Tue Dec 17 17:42:58.537915 2024] [watchdog:debug] [pid 164080] mod_watchdog.c(559): AH02980: Watchdog: nothing configured?
[Tue Dec 17 17:42:58.538155 2024] [watchdog:debug] [pid 164081] mod_watchdog.c(559): AH02980: Watchdog: nothing configured?
[Tue Dec 17 17:42:58.538355 2024] [watchdog:debug] [pid 164082] mod_watchdog.c(559): AH02980: Watchdog: nothing configured?
[Tue Dec 17 17:42:58.538583 2024] [watchdog:debug] [pid 164083] mod_watchdog.c(559): AH02980: Watchdog: nothing configured?
[Tue Dec 17 17:42:58.538735 2024] [watchdog:debug] [pid 164084] mod_watchdog.c(559): AH02980: Watchdog: nothing configured?
[Tue Dec 17 17:42:58.539119 2024] [watchdog:debug] [pid 164085] mod_watchdog.c(559): AH02980: Watchdog: nothing configured?
[Tue Dec 17 17:42:58.539204 2024] [watchdog:debug] [pid 164086] mod_watchdog.c(559): AH02980: Watchdog: nothing configured?
[Tue Dec 17 17:42:58.539312 2024] [mpm_prefork:notice] [pid 164072] AH00163: Apache/2.4.57 (Debian) configured -- resuming normal operations
[Tue Dec 17 17:42:58.539333 2024] [mpm_prefork:info] [pid 164072] AH00164: Server built: 2023-04-13T03:26:51
[Tue Dec 17 17:42:58.539340 2024] [core:notice] [pid 164072] AH00094: Command line: 'apache2 -f /usr/lab/alum/0493990/Projects/4.TApp/4.Labs/http/httpd/apache2.conf'
[Tue Dec 17 17:42:58.539344 2024] [core:debug] [pid 164072] log.c(1570): AH02639: Using SO_REUSEPORT: yes (1)
[Tue Dec 17 17:42:58.539355 2024] [mpm_prefork:debug] [pid 164072] prefork.c(970): AH00165: Accept mutex: none (default: pthread)
[Tue Dec 17 17:42:58.539431 2024] [watchdog:debug] [pid 164087] mod_watchdog.c(559): AH02980: Watchdog: nothing configured?
[Tue Dec 17 17:46:01.489258 2024] [authz_core:debug] [pid 164080] mod_authz_core.c(843): [client 127.0.0.1:53198] AH01628: authorization result: granted (no directives)
[Tue Dec 17 17:47:07.816877 2024] [core:info] [pid 164072] AH00096: removed PID file /usr/lab/alum/0493990/Projects/4.TApp/4.Labs/http/httpd/apache.pid (pid=164072)
[Tue Dec 17 17:47:07.816929 2024] [mpm_prefork:notice] [pid 164072] AH00169: caught SIGTERM, shutting down
