[2024-12-18, 11:30:17] nghttp -v https://example.com
[  0.117] Connected
The negotiated protocol: h2
[  0.299] send SETTINGS frame <length=12, flags=0x00, stream_id=0>
          (niv=2)
          [SETTINGS_MAX_CONCURRENT_STREAMS(0x03):100]
          [SETTINGS_INITIAL_WINDOW_SIZE(0x04):65535]
[  0.299] send PRIORITY frame <length=5, flags=0x00, stream_id=3>
          (dep_stream_id=0, weight=201, exclusive=0)
[  0.299] send PRIORITY frame <length=5, flags=0x00, stream_id=5>
          (dep_stream_id=0, weight=101, exclusive=0)
[  0.299] send PRIORITY frame <length=5, flags=0x00, stream_id=7>
          (dep_stream_id=0, weight=1, exclusive=0)
[  0.299] send PRIORITY frame <length=5, flags=0x00, stream_id=9>
          (dep_stream_id=7, weight=1, exclusive=0)
[  0.299] send PRIORITY frame <length=5, flags=0x00, stream_id=11>
          (dep_stream_id=3, weight=1, exclusive=0)
[  0.299] send HEADERS frame <length=36, flags=0x25, stream_id=13>
          ; END_STREAM | END_HEADERS | PRIORITY
          (padlen=0, dep_stream_id=11, weight=16, exclusive=0)
          ; Open new stream
          :method: GET
          :path: /
          :scheme: https
          :authority: example.com
          accept: */*
          accept-encoding: gzip, deflate
          user-agent: nghttp2/1.52.0
[  0.387] recv SETTINGS frame <length=42, flags=0x00, stream_id=0>
          (niv=7)
          [SETTINGS_MAX_HEADER_LIST_SIZE(0x06):16384]
          [SETTINGS_MAX_FRAME_SIZE(0x05):16384]
          [SETTINGS_INITIAL_WINDOW_SIZE(0x04):1048576]
          [SETTINGS_MAX_CONCURRENT_STREAMS(0x03):100]
          [SETTINGS_HEADER_TABLE_SIZE(0x01):4096]
          [SETTINGS_NO_RFC7540_PRIORITIES(0x09):0]
          [SETTINGS_ENABLE_PUSH(0x02):0]
[  0.387] recv WINDOW_UPDATE frame <length=4, flags=0x00, stream_id=0>
          (window_size_increment=983041)
[  0.387] recv SETTINGS frame <length=0, flags=0x01, stream_id=0>
          ; ACK
          (niv=0)
[  0.387] send SETTINGS frame <length=0, flags=0x01, stream_id=0>
          ; ACK
          (niv=0)
[  0.389] recv (stream_id=13) :status: 200
[  0.389] recv (stream_id=13) content-encoding: gzip
[  0.389] recv (stream_id=13) age: 511832
[  0.389] recv (stream_id=13) cache-control: max-age=604800
[  0.389] recv (stream_id=13) content-type: text/html; charset=UTF-8
[  0.389] recv (stream_id=13) date: Wed, 18 Dec 2024 10:30:17 GMT
[  0.389] recv (stream_id=13) etag: "3147526947+gzip"
[  0.389] recv (stream_id=13) expires: Wed, 25 Dec 2024 10:30:17 GMT
[  0.389] recv (stream_id=13) last-modified: Thu, 17 Oct 2019 07:18:26 GMT
[  0.389] recv (stream_id=13) server: ECAcc (bsb/27A2)
[  0.389] recv (stream_id=13) vary: Accept-Encoding
[  0.389] recv (stream_id=13) x-cache: HIT
[  0.389] recv (stream_id=13) content-length: 648
[  0.389] recv HEADERS frame <length=181, flags=0x04, stream_id=13>
          ; END_HEADERS
          (padlen=0)
          ; First response header
<!doctype html>
<html>
<head>
    <title>Example Domain</title>

    <meta charset="utf-8" />
    <meta http-equiv="Content-type" content="text/html; charset=utf-8" />
    <meta name="viewport" content="width=device-width, initial-scale=1" />
    <style type="text/css">
    body {
        background-color: #f0f0f2;
        margin: 0;
        padding: 0;
        font-family: -apple-system, system-ui, BlinkMacSystemFont, "Segoe UI", "Open Sans", "Helvetica Neue", Helvetica, Arial, sans-serif;
        
    }
    div {
        width: 600px;
        margin: 5em auto;
        padding: 2em;
        background-color: #fdfdff;
        border-radius: 0.5em;
        box-shadow: 2px 3px 7px 2px rgba(0,0,0,0.02);
    }
    a:link, a:visited {
        color: #38488f;
        text-decoration: none;
    }
    @media (max-width: 700px) {
        div {
            margin: 0 auto;
            width: auto;
        }
    }
    </style>    
</head>

<body>
<div>
    <h1>Example Domain</h1>
    <p>This domain is for use in illustrative examples in documents. You may use this
    domain in literature without prior coordination or asking for permission.</p>
    <p><a href="https://www.iana.org/domains/example">More information...</a></p>
</div>
</body>
</html>
[  0.389] recv DATA frame <length=648, flags=0x01, stream_id=13>
          ; END_STREAM
[  0.389] send GOAWAY frame <length=8, flags=0x00, stream_id=0>
          (last_stream_id=0, error_code=NO_ERROR(0x00), opaque_data(0)=[])
